1492225802438	geckodriver	INFO	Listening on 127.0.0.1:62907
1492225818206	geckodriver	INFO	Listening on 127.0.0.1:62934
1492225820293	mozprofile::profile	INFO	Using profile path C:\Users\Administrator\AppData\Local\Temp\rust_mozprofile.0WXHG3Vh9tUo
1492225820296	geckodriver::marionette	INFO	Starting browser F:\Mozilla Firefox\firefox.exe with args []
1492225820308	geckodriver::marionette	INFO	Connecting to Marionette on localhost:62944
1492225822988	Marionette	INFO	Listening on port 62944
1492225824412	Marionette	WARN	TLS certificate errors will be ignored for this session
JavaScript warning: http://s3.music.126.net/sep/s/2/core.js?59b607811e144eb9b42ce3ac75b8f2bb, line 89: unreachable code after return statement
JavaScript warning: http://s3.music.126.net/sep/s/2/core.js?59b607811e144eb9b42ce3ac75b8f2bb, line 89: unreachable code after return statement
JavaScript warning: http://s3.music.126.net/sep/s/2/pt_profile_ranking.js?c59d9edd0f30a4e51c81b6a94dd7145e, line 4: unreachable code after return statement
*************************
A coding exception was thrown and uncaught in a Task.

Full message: TypeError: NetworkError when attempting to fetch resource.
Full stack: 
*************************
336	geckodriver::marionette	INFO	Starting browser F:\Mozilla Firefox\firefox.exe with args []
1492225836341	geckodriver::marionette	INFO	Connecting to Marionette on localhost:63043
1492225838352	Marionette	INFO	Listening on port 63041
1492225841926	Marionette	WARN	TLS certificate errors will be ignored for this session
JavaScript warning: http://s3.music.126.net/sep/s/2/core.js?59b607811e144eb9b42ce3ac75b8f2bb, line 89: unreachable code after return statement
JavaScript warning: http://s3.music.126.net/sep/s/2/core.js?59b607811e144eb9b42ce3ac75b8f2bb, line 89: unreachable code after return statement
JavaScript warning: http://s3.music.126.net/sep/s/2/core.js?59b607811e144eb9b42ce3ac75b8f2bb, line 89: unreachable code after return statement
*************************
A coding exception was thrown and uncaught in a Task.

Full message: TypeError: NetworkError when attempting to fetch resource.
Full stack: 
*************************
[Child 13200] WARNING: pipe error: 109: file c:/builds/moz2_slave/m-rel-w32-00000000000000000000/build/src/ipc/chromium/src/chrome/common/ipc_channel_win.cc, line 345
[Child 13200] WARNING: pipe error: 109: file c:/builds/moz2_slave/m-rel-w32-00000000000000000000/build/src/ipc/chromium/src/chrome/common/ipc_channel_win.cc, line 345
1492701463346	geckodriver	INFO	Listening on 127.0.0.1:49359
1492701465531	mozprofile::profile	INFO	Using profile path C:\Users\Administrator\AppData\Local\Temp\rust_mozprofile.CYLkZNnxcQWw
1492701465541	geckodriver::marionette	INFO	Starting browser F:\Mozilla Firefox\firefox.exe with args []
1492701465570	geckodriver::marionette	INFO	Connecting to Marionette on localhost:49365
1492701468778	Marionette	INFO	Listening on port 49365
1492701471092	Marionette	WARN	TLS certificate errors will be ignored for this session
JavaScript warning: http://s3.music.126.net/sep/s/2/core.js?f6b5ee75ce62fdf430db0dda6f42c097, line 89: unreachable code after return statement
JavaScript warning: http://s3.music.126.net/sep/s/2/core.js?f6b5ee75ce62fdf430db0dda6f42c097, line 89: unreachable code after return statement
*************************
A coding exception was thrown and uncaught in a Task.

Full message: TypeError: NetworkError when attempting to fetch resource.
Full stack: 
*************************
JavaScript error: chrome://browser/content/tabbrowser.xml, line 3197: TypeError: this.tabs is undefined
18	geckodriver::marionette	INFO	Connecting to Marionette on localhost:49445
1492701495339	Marionette	INFO	Listening on port 49445
1492701497144	Marionette	WARN	TLS certificate errors will be ignored for this session
JavaScript warning: http://s3.music.126.net/sep/s/2/core.js?f6b5ee75ce62fdf430db0dda6f42c097, line 89: unreachable code after return statement
JavaScript warning: http://s3.music.126.net/sep/s/2/core.js?f6b5ee75ce62fdf430db0dda6f42c097, line 89: unreachable code after return statement
JavaScript warning: http://s3.music.126.net/sep/s/2/core.js?f6b5ee75ce62fdf430db0dda6f42c097, line 89: unreachable code after return statement
JavaScript warning: http://s3.music.126.net/sep/s/2/core.js?f6b5ee75ce62fdf430db0dda6f42c097, line 89: unreachable code after return statement
JavaScript warning: http://s3.music.126.net/sep/s/2/core.js?f6b5ee75ce62fdf430db0dda6f42c097, line 89: unreachable code after return statement
*************************
A coding exception was thrown and uncaught in a Task.

Full message: TypeError: NetworkError when attempting to fetch resource.
Full stack: 
*************************
JavaScript warning: http://s3.music.126.net/sep/s/2/core.js?f6b5ee75ce62fdf430db0dda6f42c097, line 89: unreachable code after return statement
console.trace: 
_fronts/inspector.js 829 WalkerFront<.getMutations</<
_/Promise-backend.js 932 Handler.prototype.process
_/Promise-backend.js 813 this.PromiseWalker.walkerLoop
_/Promise-backend.js 747 this.PromiseWalker.scheduleWalkerLoop/<

JavaScript warning: http://s3.music.126.net/sep/s/2/core.js?f6b5ee75ce62fdf430db0dda6f42c097, line 89: unreachable code after return statement
console.trace: 
_fronts/inspector.js 829 WalkerFront<.getMutations</<
_/Promise-backend.js 932 Handler.prototype.process
_/Promise-backend.js 813 this.PromiseWalker.walkerLoop
_/Promise-backend.js 747 this.PromiseWalker.scheduleWalkerLoop/<

console.trace: 
_fronts/inspector.js 829 WalkerFront<.getMutations</<
_/Promise-backend.js 932 Handler.prototype.process
_/Promise-backend.js 813 this.PromiseWalker.walkerLoop
_/Promise-backend.js 747 this.PromiseWalker.scheduleWalkerLoop/<

console.log: plural-form.js: Index #1 of '再显示一个节点；显示全部 #1 个节点' for value 3 is invalid -- plural rule #1;

JavaScript warning: http://s3.music.126.net/sep/s/2/core.js?f6b5ee75ce62fdf430db0dda6f42c097, line 89: unreachable code after return statement
console.trace: 
_fronts/inspector.js 829 WalkerFront<.getMutations</<
_/Promise-backend.js 932 Handler.prototype.process
_/Promise-backend.js 813 this.PromiseWalker.walkerLoop
_/Promise-backend.js 747 this.PromiseWalker.scheduleWalkerLoop/<

console.trace: 
_fronts/inspector.js 829 WalkerFront<.getMutations</<
_/Promise-backend.js 932 Handler.prototype.process
_/Promise-backend.js 813 this.PromiseWalker.walkerLoop
_/Promise-backend.js 747 this.PromiseWalker.scheduleWalkerLoop/<

console.trace: 
_fronts/inspector.js 829 WalkerFront<.getMutations</<
_/Promise-backend.js 932 Handler.prototype.process
_/Promise-backend.js 813 this.PromiseWalker.walkerLoop
_/Promise-backend.js 747 this.PromiseWalker.scheduleWalkerLoop/<

JavaScript warning: http://s3.music.126.net/sep/s/2/core.js?f6b5ee75ce62fdf430db0dda6f42c097, line 89: unreachable code after return statement
console.trace: 
_fronts/inspector.js 829 WalkerFront<.getMutations</<
_/Promise-backend.js 932 Handler.prototype.process
_/Promise-backend.js 813 this.PromiseWalker.walkerLoop
_/Promise-backend.js 747 this.PromiseWalker.scheduleWalkerLoop/<

console.trace: 
_fronts/inspector.js 829 WalkerFront<.getMutations</<
_/Promise-backend.js 932 Handler.prototype.process
_/Promise-backend.js 813 this.PromiseWalker.walkerLoop
_/Promise-backend.js 747 this.PromiseWalker.scheduleWalkerLoop/<

console.trace: 
_fronts/inspector.js 829 WalkerFront<.getMutations</<
_/Promise-backend.js 932 Handler.prototype.process
_/Promise-backend.js 813 this.PromiseWalker.walkerLoop
_/Promise-backend.js 747 this.PromiseWalker.scheduleWalkerLoop/<

console.trace: 
_fronts/inspector.js 829 WalkerFront<.getMutations</<
_/Promise-backend.js 932 Handler.prototype.process
_/Promise-backend.js 813 this.PromiseWalker.walkerLoop
_/Promise-backend.js 747 this.PromiseWalker.scheduleWalkerLoop/<

JavaScript warning: http://s3.music.126.net/sep/s/2/core.js?f6b5ee75ce62fdf430db0dda6f42c097, line 89: unreachable code after return statement
console.trace: 
_fronts/inspector.js 829 WalkerFront<.getMutations</<
_/Promise-backend.js 932 Handler.prototype.process
_/Promise-backend.js 813 this.PromiseWalker.walkerLoop
_/Promise-backend.js 747 this.PromiseWalker.scheduleWalkerLoop/<

console.trace: 
_fronts/inspector.js 829 WalkerFront<.getMutations</<
_/Promise-backend.js 932 Handler.prototype.process
_/Promise-backend.js 813 this.PromiseWalker.walkerLoop
_/Promise-backend.js 747 this.PromiseWalker.scheduleWalkerLoop/<

console.trace: 
_fronts/inspector.js 829 WalkerFront<.getMutations</<
_/Promise-backend.js 932 Handler.prototype.process
_/Promise-backend.js 813 this.PromiseWalker.walkerLoop
_/Promise-backend.js 747 this.PromiseWalker.scheduleWalkerLoop/<

console.trace: 
_fronts/inspector.js 829 WalkerFront<.getMutations</<
_/Promise-backend.js 932 Handler.prototype.process
_/Promise-backend.js 813 this.PromiseWalker.walkerLoop
_/Promise-backend.js 747 this.PromiseWalker.scheduleWalkerLoop/<

console.trace: 
_fronts/inspector.js 829 WalkerFront<.getMutations</<
_/Promise-backend.js 932 Handler.prototype.process
_/Promise-backend.js 813 this.PromiseWalker.walkerLoop
_/Promise-backend.js 747 this.PromiseWalker.scheduleWalkerLoop/<

JavaScript warning: http://s3.music.126.net/sep/s/2/core.js?f6b5ee75ce62fdf430db0dda6f42c097, line 89: unreachable code after return statement
JavaScript warning: http://s3.music.126.net/sep/s/2/core.js?f6b5ee75ce62fdf430db0dda6f42c097, line 89: unreachable code after return statement
JavaScript warning: http://s3.music.126.net/sep/s/2/core.js?f6b5ee75ce62fdf430db0dda6f42c097, line 89: unreachable code after return statement
console.trace: 
_fronts/inspector.js 829 WalkerFront<.getMutations</<
_/Promise-backend.js 932 Handler.prototype.process
_/Promise-backend.js 813 this.PromiseWalker.walkerLoop
_/Promise-backend.js 747 this.PromiseWalker.scheduleWalkerLoop/<

console.trace: 
_fronts/inspector.js 829 WalkerFront<.getMutations</<
_/Promise-backend.js 932 Handler.prototype.process
_/Promise-backend.js 813 this.PromiseWalker.walkerLoop
_/Promise-backend.js 747 this.PromiseWalker.scheduleWalkerLoop/<

console.trace: 
_fronts/inspector.js 829 WalkerFront<.getMutations</<
_/Promise-backend.js 932 Handler.prototype.process
_/Promise-backend.js 813 this.PromiseWalker.walkerLoop
_/Promise-backend.js 747 this.PromiseWalker.scheduleWalkerLoop/<

console.trace: 
_fronts/inspector.js 829 WalkerFront<.getMutations</<
_/Promise-backend.js 932 Handler.prototype.process
_/Promise-backend.js 813 this.PromiseWalker.walkerLoop
_/Promise-backend.js 747 this.PromiseWalker.scheduleWalkerLoop/<

console.trace: 
_fronts/inspector.js 829 WalkerFront<.getMutations</<
_/Promise-backend.js 932 Handler.prototype.process
_/Promise-backend.js 813 this.PromiseWalker.walkerLoop
_/Promise-backend.js 747 this.PromiseWalker.scheduleWalkerLoop/<

console.trace: 
_fronts/inspector.js 829 WalkerFront<.getMutations</<
_/Promise-backend.js 932 Handler.prototype.process
_/Promise-backend.js 813 this.PromiseWalker.walkerLoop
_/Promise-backend.js 747 this.PromiseWalker.scheduleWalkerLoop/<

JavaScript warning: http://s3.music.126.net/sep/s/2/core.js?f6b5ee75ce62fdf430db0dda6f42c097, line 89: unreachable code after return statement
console.trace: 
_fronts/inspector.js 829 WalkerFront<.getMutations</<
_/Promise-backend.js 932 Handler.prototype.process
_/Promise-backend.js 813 this.PromiseWalker.walkerLoop
_/Promise-backend.js 747 this.PromiseWalker.scheduleWalkerLoop/<

console.trace: 
_fronts/inspector.js 829 WalkerFront<.getMutations</<
_/Promise-backend.js 932 Handler.prototype.process
_/Promise-backend.js 813 this.PromiseWalker.walkerLoop
_/Promise-backend.js 747 this.PromiseWalker.scheduleWalkerLoop/<

console.trace: 
_fronts/inspector.js 829 WalkerFront<.getMutations</<
_/Promise-backend.js 932 Handler.prototype.process
_/Promise-backend.js 813 this.PromiseWalker.walkerLoop
_/Promise-backend.js 747 this.PromiseWalker.scheduleWalkerLoop/<

console.trace: 
_fronts/inspector.js 829 WalkerFront<.getMutations</<
_/Promise-backend.js 932 Handler.prototype.process
_/Promise-backend.js 813 this.PromiseWalker.walkerLoop
_/Promise-backend.js 747 this.PromiseWalker.scheduleWalkerLoop/<

console.trace: 
_fronts/inspector.js 829 WalkerFront<.getMutations</<
_/Promise-backend.js 932 Handler.prototype.process
_/Promise-backend.js 813 this.PromiseWalker.walkerLoop
_/Promise-backend.js 747 this.PromiseWalker.scheduleWalkerLoop/<

console.trace: 
_fronts/inspector.js 829 WalkerFront<.getMutations</<
_/Promise-backend.js 932 Handler.prototype.process
_/Promise-backend.js 813 this.PromiseWalker.walkerLoop
_/Promise-backend.js 747 this.PromiseWalker.scheduleWalkerLoop/<

console.trace: 
_fronts/inspector.js 829 WalkerFront<.getMutations</<
_/Promise-backend.js 932 Handler.prototype.process
_/Promise-backend.js 813 this.PromiseWalker.walkerLoop
_/Promise-backend.js 747 this.PromiseWalker.scheduleWalkerLoop/<

JavaScript warning: http://s3.music.126.net/sep/s/2/core.js?f6b5ee75ce62fdf430db0dda6f42c097, line 89: unreachable code after return statement
console.trace: 
_fronts/inspector.js 829 WalkerFront<.getMutations</<
_/Promise-backend.js 932 Handler.prototype.process
_/Promise-backend.js 813 this.PromiseWalker.walkerLoop
_/Promise-backend.js 747 this.PromiseWalker.scheduleWalkerLoop/<

console.trace: 
_fronts/inspector.js 829 WalkerFront<.getMutations</<
_/Promise-backend.js 932 Handler.prototype.process
_/Promise-backend.js 813 this.PromiseWalker.walkerLoop
_/Promise-backend.js 747 this.PromiseWalker.scheduleWalkerLoop/<

console.trace: 
_fronts/inspector.js 829 WalkerFront<.getMutations</<
_/Promise-backend.js 932 Handler.prototype.process
_/Promise-backend.js 813 this.PromiseWalker.walkerLoop
_/Promise-backend.js 747 this.PromiseWalker.scheduleWalkerLoop/<

console.trace: 
_fronts/inspector.js 829 WalkerFront<.getMutations</<
_/Promise-backend.js 932 Handler.prototype.process
_/Promise-backend.js 813 this.PromiseWalker.walkerLoop
_/Promise-backend.js 747 this.PromiseWalker.scheduleWalkerLoop/<

console.trace: 
_fronts/inspector.js 829 WalkerFront<.getMutations</<
_/Promise-backend.js 932 Handler.prototype.process
_/Promise-backend.js 813 this.PromiseWalker.walkerLoop
_/Promise-backend.js 747 this.PromiseWalker.scheduleWalkerLoop/<

console.trace: 
_fronts/inspector.js 829 WalkerFront<.getMutations</<
_/Promise-backend.js 932 Handler.prototype.process
_/Promise-backend.js 813 this.PromiseWalker.walkerLoop
_/Promise-backend.js 747 this.PromiseWalker.scheduleWalkerLoop/<

console.trace: 
_fronts/inspector.js 829 WalkerFront<.getMutations</<
_/Promise-backend.js 932 Handler.prototype.process
_/Promise-backend.js 813 this.PromiseWalker.walkerLoop
_/Promise-backend.js 747 this.PromiseWalker.scheduleWalkerLoop/<

console.trace: 
_fronts/inspector.js 829 WalkerFront<.getMutations</<
_/Promise-backend.js 932 Handler.prototype.process
_/Promise-backend.js 813 this.PromiseWalker.walkerLoop
_/Promise-backend.js 747 this.PromiseWalker.scheduleWalkerLoop/<

JavaScript warning: http://s3.music.126.net/sep/s/2/core.js?f6b5ee75ce62fdf430db0dda6f42c097, line 89: unreachable code after return statement
console.trace: 
_fronts/inspector.js 829 WalkerFront<.getMutations</<
_/Promise-backend.js 932 Handler.prototype.process
_/Promise-backend.js 813 this.PromiseWalker.walkerLoop
_/Promise-backend.js 747 this.PromiseWalker.scheduleWalkerLoop/<

console.trace: 
_fronts/inspector.js 829 WalkerFront<.getMutations</<
_/Promise-backend.js 932 Handler.prototype.process
_/Promise-backend.js 813 this.PromiseWalker.walkerLoop
_/Promise-backend.js 747 this.PromiseWalker.scheduleWalkerLoop/<

console.trace: 
_fronts/inspector.js 829 WalkerFront<.getMutations</<
_/Promise-backend.js 932 Handler.prototype.process
_/Promise-backend.js 813 this.PromiseWalker.walkerLoop
_/Promise-backend.js 747 this.PromiseWalker.scheduleWalkerLoop/<

console.trace: 
_fronts/inspector.js 829 WalkerFront<.getMutations</<
_/Promise-backend.js 932 Handler.prototype.process
_/Promise-backend.js 813 this.PromiseWalker.walkerLoop
_/Promise-backend.js 747 this.PromiseWalker.scheduleWalkerLoop/<

console.trace: 
_fronts/inspector.js 829 WalkerFront<.getMutations</<
_/Promise-backend.js 932 Handler.prototype.process
_/Promise-backend.js 813 this.PromiseWalker.walkerLoop
_/Promise-backend.js 747 this.PromiseWalker.scheduleWalkerLoop/<

console.trace: 
_fronts/inspector.js 829 WalkerFront<.getMutations</<
_/Promise-backend.js 932 Handler.prototype.process
_/Promise-backend.js 813 this.PromiseWalker.walkerLoop
_/Promise-backend.js 747 this.PromiseWalker.scheduleWalkerLoop/<

console.trace: 
_fronts/inspector.js 829 WalkerFront<.getMutations</<
_/Promise-backend.js 932 Handler.prototype.process
_/Promise-backend.js 813 this.PromiseWalker.walkerLoop
_/Promise-backend.js 747 this.PromiseWalker.scheduleWalkerLoop/<

console.trace: 
_fronts/inspector.js 829 WalkerFront<.getMutations</<
_/Promise-backend.js 932 Handler.prototype.process
_/Promise-backend.js 813 this.PromiseWalker.walkerLoop
_/Promise-backend.js 747 this.PromiseWalker.scheduleWalkerLoop/<

console.trace: 
_fronts/inspector.js 829 WalkerFront<.getMutations</<
_/Promise-backend.js 932 Handler.prototype.process
_/Promise-backend.js 813 this.PromiseWalker.walkerLoop
_/Promise-backend.js 747 this.PromiseWalker.scheduleWalkerLoop/<

JavaScript warning: http://s3.music.126.net/sep/s/2/core.js?f6b5ee75ce62fdf430db0dda6f42c097, line 89: unreachable code after return statement
console.trace: 
_fronts/inspector.js 829 WalkerFront<.getMutations</<
_/Promise-backend.js 932 Handler.prototype.process
_/Promise-backend.js 813 this.PromiseWalker.walkerLoop
_/Promise-backend.js 747 this.PromiseWalker.scheduleWalkerLoop/<

console.trace: 
_fronts/inspector.js 829 WalkerFront<.getMutations</<
_/Promise-backend.js 932 Handler.prototype.process
_/Promise-backend.js 813 this.PromiseWalker.walkerLoop
_/Promise-backend.js 747 this.PromiseWalker.scheduleWalkerLoop/<

console.trace: 
_fronts/inspector.js 829 WalkerFront<.getMutations</<
_/Promise-backend.js 932 Handler.prototype.process
_/Promise-backend.js 813 this.PromiseWalker.walkerLoop
_/Promise-backend.js 747 this.PromiseWalker.scheduleWalkerLoop/<

console.trace: 
_fronts/inspector.js 829 WalkerFront<.getMutations</<
_/Promise-backend.js 932 Handler.prototype.process
_/Promise-backend.js 813 this.PromiseWalker.walkerLoop
_/Promise-backend.js 747 this.PromiseWalker.scheduleWalkerLoop/<

console.trace: 
_fronts/inspector.js 829 WalkerFront<.getMutations</<
_/Promise-backend.js 932 Handler.prototype.process
_/Promise-backend.js 813 this.PromiseWalker.walkerLoop
_/Promise-backend.js 747 this.PromiseWalker.scheduleWalkerLoop/<

console.trace: 
_fronts/inspector.js 829 WalkerFront<.getMutations</<
_/Promise-backend.js 932 Handler.prototype.process
_/Promise-backend.js 813 this.PromiseWalker.walkerLoop
_/Promise-backend.js 747 this.PromiseWalker.scheduleWalkerLoop/<

console.trace: 
_fronts/inspector.js 829 WalkerFront<.getMutations</<
_/Promise-backend.js 932 Handler.prototype.process
_/Promise-backend.js 813 this.PromiseWalker.walkerLoop
_/Promise-backend.js 747 this.PromiseWalker.scheduleWalkerLoop/<

console.trace: 
_fronts/inspector.js 829 WalkerFront<.getMutations</<
_/Promise-backend.js 932 Handler.prototype.process
_/Promise-backend.js 813 this.PromiseWalker.walkerLoop
_/Promise-backend.js 747 this.PromiseWalker.scheduleWalkerLoop/<

console.trace: 
_fronts/inspector.js 829 WalkerFront<.getMutations</<
_/Promise-backend.js 932 Handler.prototype.process
_/Promise-backend.js 813 this.PromiseWalker.walkerLoop
_/Promise-backend.js 747 this.PromiseWalker.scheduleWalkerLoop/<

console.trace: 
_fronts/inspector.js 829 WalkerFront<.getMutations</<
_/Promise-backend.js 932 Handler.prototype.process
_/Promise-backend.js 813 this.PromiseWalker.walkerLoop
_/Promise-backend.js 747 this.PromiseWalker.scheduleWalkerLoop/<

